2018-01-30 13:20:16 [main] INFO  c.soapexample.SoapexampleApplication - Starting SoapexampleApplication on comigo with PID 29012 (D:\GitHub\SoapExample\target\classes started by imaly in D:\GitHub\SoapExample)
2018-01-30 13:20:16 [main] DEBUG c.soapexample.SoapexampleApplication - Running with Spring Boot v1.5.9.RELEASE, Spring v4.3.13.RELEASE
2018-01-30 13:20:16 [main] INFO  c.soapexample.SoapexampleApplication - No active profile set, falling back to default profiles: default
2018-01-30 13:20:16 [main] INFO  o.s.b.c.e.AnnotationConfigEmbeddedWebApplicationContext - Refreshing org.springframework.boot.context.embedded.AnnotationConfigEmbeddedWebApplicationContext@5a955565: startup date [Tue Jan 30 13:20:16 EET 2018]; root of context hierarchy
2018-01-30 13:20:16 [main] INFO  o.s.b.f.s.DefaultListableBeanFactory - Overriding bean definition for bean 'defaultMethodEndpointAdapter' with a different definition: replacing [Root bean: class [null]; scope=; abstract=false; lazyInit=false; autowireMode=3; dependencyCheck=0; autowireCandidate=true; primary=false; factoryBeanName=org.springframework.ws.config.annotation.DelegatingWsConfiguration; factoryMethodName=defaultMethodEndpointAdapter; initMethodName=null; destroyMethodName=(inferred); defined in class path resource [org/springframework/ws/config/annotation/DelegatingWsConfiguration.class]] with [Root bean: class [null]; scope=; abstract=false; lazyInit=false; autowireMode=3; dependencyCheck=0; autowireCandidate=true; primary=false; factoryBeanName=webServiceConfig; factoryMethodName=defaultMethodEndpointAdapter; initMethodName=null; destroyMethodName=(inferred); defined in class path resource [com/soapexample/WebServiceConfig.class]]
2018-01-30 13:20:17 [main] INFO  o.s.c.s.PostProcessorRegistrationDelegate$BeanPostProcessorChecker - Bean 'org.springframework.ws.config.annotation.DelegatingWsConfiguration' of type [org.springframework.ws.config.annotation.DelegatingWsConfiguration$$EnhancerBySpringCGLIB$$fd185cff] is not eligible for getting processed by all BeanPostProcessors (for example: not eligible for auto-proxying)
2018-01-30 13:20:17 [main] INFO  o.s.w.s.a.s.AnnotationActionEndpointMapping - Supporting [WS-Addressing August 2004, WS-Addressing 1.0]
2018-01-30 13:20:17 [main] WARN  o.a.tomcat.util.net.SSLHostConfig - The protocol [TLSv1.1] was added to the list of protocols on the SSLHostConfig named [_default_]. Check if a +/- prefix is missing.
2018-01-30 13:20:17 [main] WARN  o.a.tomcat.util.net.SSLHostConfig - The protocol [TLSv1.2] was added to the list of protocols on the SSLHostConfig named [_default_]. Check if a +/- prefix is missing.
2018-01-30 13:20:17 [main] INFO  o.s.b.c.e.t.TomcatEmbeddedServletContainer - Tomcat initialized with port(s): 8080 (https)
2018-01-30 13:20:17 [main] INFO  o.a.catalina.core.StandardService - Starting service [Tomcat]
2018-01-30 13:20:17 [main] INFO  o.a.catalina.core.StandardEngine - Starting Servlet Engine: Apache Tomcat/8.5.23
2018-01-30 13:20:17 [localhost-startStop-1] INFO  o.a.c.c.C.[Tomcat].[localhost].[/] - Initializing Spring embedded WebApplicationContext
2018-01-30 13:20:17 [localhost-startStop-1] INFO  o.s.web.context.ContextLoader - Root WebApplicationContext: initialization completed in 1408 ms
2018-01-30 13:20:17 [localhost-startStop-1] INFO  o.s.b.w.s.FilterRegistrationBean - Mapping filter: 'characterEncodingFilter' to: [/*]
2018-01-30 13:20:17 [localhost-startStop-1] INFO  o.s.b.w.s.FilterRegistrationBean - Mapping filter: 'hiddenHttpMethodFilter' to: [/*]
2018-01-30 13:20:17 [localhost-startStop-1] INFO  o.s.b.w.s.FilterRegistrationBean - Mapping filter: 'httpPutFormContentFilter' to: [/*]
2018-01-30 13:20:17 [localhost-startStop-1] INFO  o.s.b.w.s.FilterRegistrationBean - Mapping filter: 'requestContextFilter' to: [/*]
2018-01-30 13:20:17 [localhost-startStop-1] INFO  o.s.b.w.s.DelegatingFilterProxyRegistrationBean - Mapping filter: 'springSecurityFilterChain' to: [/*]
2018-01-30 13:20:17 [localhost-startStop-1] INFO  o.s.b.w.s.ServletRegistrationBean - Mapping servlet: 'messageDispatcherServlet' to [/ws/*]
2018-01-30 13:20:17 [localhost-startStop-1] INFO  o.s.b.w.s.ServletRegistrationBean - Mapping servlet: 'dispatcherServlet' to [/]
2018-01-30 13:20:17 [main] INFO  o.s.oxm.jaxb.Jaxb2Marshaller - Creating JAXBContext by scanning packages [com.soapexample.generated]
2018-01-30 13:20:18 [main] INFO  o.s.w.s.m.m.a.RequestMappingHandlerAdapter - Looking for @ControllerAdvice: org.springframework.boot.context.embedded.AnnotationConfigEmbeddedWebApplicationContext@5a955565: startup date [Tue Jan 30 13:20:16 EET 2018]; root of context hierarchy
2018-01-30 13:20:18 [main] INFO  o.s.w.s.m.m.a.RequestMappingHandlerMapping - Mapped "{[/error]}" onto public org.springframework.http.ResponseEntity<java.util.Map<java.lang.String, java.lang.Object>> org.springframework.boot.autoconfigure.web.BasicErrorController.error(javax.servlet.http.HttpServletRequest)
2018-01-30 13:20:18 [main] INFO  o.s.w.s.m.m.a.RequestMappingHandlerMapping - Mapped "{[/error],produces=[text/html]}" onto public org.springframework.web.servlet.ModelAndView org.springframework.boot.autoconfigure.web.BasicErrorController.errorHtml(javax.servlet.http.HttpServletRequest,javax.servlet.http.HttpServletResponse)
2018-01-30 13:20:18 [main] INFO  o.s.w.s.h.SimpleUrlHandlerMapping - Mapped URL path [/webjars/**] onto handler of type [class org.springframework.web.servlet.resource.ResourceHttpRequestHandler]
2018-01-30 13:20:18 [main] INFO  o.s.w.s.h.SimpleUrlHandlerMapping - Mapped URL path [/**] onto handler of type [class org.springframework.web.servlet.resource.ResourceHttpRequestHandler]
2018-01-30 13:20:18 [main] INFO  o.s.w.s.h.SimpleUrlHandlerMapping - Mapped URL path [/**/favicon.ico] onto handler of type [class org.springframework.web.servlet.resource.ResourceHttpRequestHandler]
2018-01-30 13:20:18 [main] INFO  o.s.b.a.s.AuthenticationManagerConfiguration - 

Using default security password: bd494ad8-f35c-4c63-a6dd-99133d8df177

2018-01-30 13:20:18 [main] INFO  o.s.s.web.DefaultSecurityFilterChain - Creating filter chain: OrRequestMatcher [requestMatchers=[Ant [pattern='/css/**'], Ant [pattern='/js/**'], Ant [pattern='/images/**'], Ant [pattern='/webjars/**'], Ant [pattern='/**/favicon.ico'], Ant [pattern='/error']]], []
2018-01-30 13:20:18 [main] INFO  o.s.s.web.DefaultSecurityFilterChain - Creating filter chain: org.springframework.boot.autoconfigure.security.SpringBootWebSecurityConfiguration$ApplicationNoWebSecurityConfigurerAdapter$1@66e889df, [org.springframework.security.web.context.request.async.WebAsyncManagerIntegrationFilter@444548a0, org.springframework.security.web.context.SecurityContextPersistenceFilter@67dba613, org.springframework.security.web.header.HeaderWriterFilter@7a24eb3, org.springframework.security.web.csrf.CsrfFilter@7f02251, org.springframework.security.web.authentication.logout.LogoutFilter@73a00e09, org.springframework.security.web.savedrequest.RequestCacheAwareFilter@5cf8edcf, org.springframework.security.web.servletapi.SecurityContextHolderAwareRequestFilter@4cafa9aa, org.springframework.security.web.authentication.AnonymousAuthenticationFilter@3766c667, org.springframework.security.web.session.SessionManagementFilter@40ee0a22, org.springframework.security.web.access.ExceptionTranslationFilter@4455f57d]
2018-01-30 13:20:18 [main] INFO  o.s.j.e.a.AnnotationMBeanExporter - Registering beans for JMX exposure on startup
2018-01-30 13:20:19 [main] INFO  o.s.b.c.e.t.TomcatEmbeddedServletContainer - Tomcat started on port(s): 8080 (https)
2018-01-30 13:20:19 [main] INFO  c.soapexample.SoapexampleApplication - Started SoapexampleApplication in 3.092 seconds (JVM running for 3.513)
